[20:11:51] [main/INFO]: Extra: []
[20:11:51] [main/INFO]: Found and added coremod: codechicken.core.launch.DepLoader
[20:11:51] [main/INFO]: Found and added coremod: codechicken.nei.asm.NEICorePlugin
[20:11:51] [main/INFO]: Found and added coremod: com.bioxx.tfc.TFCASMLoadingPlugin
[20:11:51] [main/INFO]: Running with arguments: [--userProperties, {}, --assetsDir, C:/Users/Administrator/.gradle/caches/minecraft/assets, --assetIndex, 1.7.10, --accessToken, {REDACTED}, --version, 1.7.10, --tweakClass, cpw.mods.fml.common.launcher.FMLTweaker, --tweakClass, net.minecraftforge.gradle.tweakers.CoremodTweaker]
[20:11:51] [main/INFO]: Loading tweak class name cpw.mods.fml.common.launcher.FMLTweaker
[20:11:51] [main/INFO]: Using primary tweak class name cpw.mods.fml.common.launcher.FMLTweaker
[20:11:51] [main/INFO]: Loading tweak class name net.minecraftforge.gradle.tweakers.CoremodTweaker
[20:11:51] [main/INFO]: Calling tweak class cpw.mods.fml.common.launcher.FMLTweaker
[20:11:51] [main/INFO]: Forge Mod Loader version 7.99.40.1614 for Minecraft 1.7.10 loading
[20:11:51] [main/INFO]: Java is Java HotSpot(TM) 64-Bit Server VM, version 1.8.0_231, running on Windows 7:amd64:6.1, installed at C:\Program Files\Java\jre1.8.0_231
[20:11:51] [main/INFO]: Managed to load a deobfuscated Minecraft name- we are in a deobfuscated environment. Skipping runtime deobfuscation
[20:11:51] [main/INFO]: Found a command line coremod : codechicken.nei.asm.NEICorePlugin
[20:11:51] [main/WARN]: The coremod codechicken.nei.asm.NEICorePlugin does not have a MCVersion annotation, it may cause issues with this version of Minecraft
[20:11:51] [main/INFO]: Found a command line coremod : com.bioxx.tfc.TFCASMLoadingPlugin
[20:11:51] [main/WARN]: The coremod com.bioxx.tfc.TFCASMLoadingPlugin does not have a MCVersion annotation, it may cause issues with this version of Minecraft
[20:11:51] [main/INFO]: Found a command line coremod : codechicken.core.launch.DepLoader
[20:11:52] [main/WARN]: The coremod codechicken.core.launch.DepLoader does not have a MCVersion annotation, it may cause issues with this version of Minecraft
[20:11:52] [main/INFO]: Calling tweak class net.minecraftforge.gradle.tweakers.CoremodTweaker
[20:11:52] [main/INFO]: Injecting location in coremod cpw.mods.fml.relauncher.FMLCorePlugin
[20:11:52] [main/INFO]: Injecting location in coremod net.minecraftforge.classloading.FMLForgePlugin
[20:11:52] [main/INFO]: Injecting location in coremod codechicken.nei.asm.NEICorePlugin
[20:11:52] [main/INFO]: Injecting location in coremod com.bioxx.tfc.TFCASMLoadingPlugin
[20:11:52] [main/INFO]: Injecting location in coremod codechicken.core.launch.DepLoader
[20:11:52] [main/INFO]: Loading tweak class name cpw.mods.fml.common.launcher.FMLInjectionAndSortingTweaker
[20:11:52] [main/INFO]: Loading tweak class name cpw.mods.fml.common.launcher.FMLDeobfTweaker
[20:11:52] [main/INFO]: Loading tweak class name net.minecraftforge.gradle.tweakers.AccessTransformerTweaker
[20:11:52] [main/INFO]: Calling tweak class cpw.mods.fml.common.launcher.FMLInjectionAndSortingTweaker
[20:11:52] [main/INFO]: Calling tweak class cpw.mods.fml.common.launcher.FMLInjectionAndSortingTweaker
[20:11:52] [main/INFO]: Calling tweak class cpw.mods.fml.relauncher.CoreModManager$FMLPluginWrapper
[20:11:52] [main/ERROR]: The binary patch set is missing. Either you are in a development environment, or things are not going to work!
[20:11:54] [main/ERROR]: FML appears to be missing any signature data. This is not a good thing
[20:11:54] [main/INFO]: Calling tweak class cpw.mods.fml.relauncher.CoreModManager$FMLPluginWrapper
[20:11:54] [main/INFO]: Calling tweak class cpw.mods.fml.relauncher.CoreModManager$FMLPluginWrapper
[20:11:54] [main/INFO]: [java.lang.Throwable$WrappedPrintStream:println:-1]: java.lang.NoClassDefFoundError: codechicken/core/launch/CodeChickenCorePlugin
[20:11:54] [main/INFO]: [java.lang.Throwable$WrappedPrintStream:println:-1]: 	at codechicken.nei.asm.NEICorePlugin.getASMTransformerClass(NEICorePlugin.java:23)
[20:11:54] [main/INFO]: [java.lang.Throwable$WrappedPrintStream:println:-1]: 	at cpw.mods.fml.relauncher.CoreModManager$FMLPluginWrapper.injectIntoClassLoader(CoreModManager.java:105)
[20:11:54] [main/INFO]: [java.lang.Throwable$WrappedPrintStream:println:-1]: 	at net.minecraft.launchwrapper.Launch.launch(Launch.java:115)
[20:11:54] [main/INFO]: [java.lang.Throwable$WrappedPrintStream:println:-1]: 	at net.minecraft.launchwrapper.Launch.main(Launch.java:28)
[20:11:54] [main/INFO]: [java.lang.Throwable$WrappedPrintStream:println:-1]: 	at net.minecraftforge.gradle.GradleStartCommon.launch(Unknown Source)
[20:11:54] [main/INFO]: [java.lang.Throwable$WrappedPrintStream:println:-1]: 	at GradleStart.main(Unknown Source)
[20:11:54] [main/INFO]: [java.lang.Throwable$WrappedPrintStream:println:-1]: Caused by: java.lang.ClassNotFoundException: codechicken.core.launch.CodeChickenCorePlugin
[20:11:54] [main/INFO]: [java.lang.Throwable$WrappedPrintStream:println:-1]: 	at net.minecraft.launchwrapper.LaunchClassLoader.findClass(LaunchClassLoader.java:191)
[20:11:54] [main/INFO]: [java.lang.Throwable$WrappedPrintStream:println:-1]: 	at java.lang.ClassLoader.loadClass(Unknown Source)
[20:11:54] [main/INFO]: [java.lang.Throwable$WrappedPrintStream:println:-1]: 	at java.lang.ClassLoader.loadClass(Unknown Source)
[20:11:54] [main/INFO]: [java.lang.Throwable$WrappedPrintStream:println:-1]: 	... 6 more
[20:11:54] [main/INFO]: [java.lang.Throwable$WrappedPrintStream:println:-1]: Caused by: java.lang.NullPointerException
[20:11:54] [main/INFO]: [java.lang.Throwable$WrappedPrintStream:println:-1]: 	at net.minecraft.launchwrapper.LaunchClassLoader.findClass(LaunchClassLoader.java:182)
[20:11:54] [main/INFO]: [java.lang.Throwable$WrappedPrintStream:println:-1]: 	... 8 more
